<?xml version="1.0" encoding="UTF-8"?>
<!-- Generated by org.testng.reporters.JUnitReportReporter -->
<testsuite skipped="0" hostname="Rudransh" name="com.his.TestLogin" tests="2" failures="0" timestamp="2022-03-12T00:23:44 IST" time="0.020" errors="0">
  <testcase name="loginPage1" time="0.018" classname="com.his.TestLogin"/>
  <system-out/>
  <testcase name="loginPage2" time="0.002" classname="com.his.TestLogin"/>
  <system-out/>
</testsuite> <!-- com.his.TestLogin -->
