<?xml version="1.0" encoding="UTF-8"?>
<!-- Generated by org.testng.reporters.JUnitReportReporter -->
<testsuite skipped="0" hostname="Rudransh" name="com.his.TC_Login" tests="1" failures="0" timestamp="2022-03-12T00:20:42 IST" time="21.798" errors="0">
  <testcase name="loginPage" time="21.798" classname="com.his.TC_Login"/>
  <system-out/>
</testsuite> <!-- com.his.TC_Login -->
