<?xml version="1.0" encoding="UTF-8"?>
<!-- Generated by org.testng.reporters.JUnitReportReporter -->
<testsuite skipped="0" hostname="Rudransh" name="com.his.TestAnnotation" tests="2" failures="0" timestamp="2022-03-12T00:07:35 IST" time="0.015" errors="0">
  <testcase name="a1" time="0.009" classname="com.his.TestAnnotation"/>
  <system-out/>
  <testcase name="a2" time="0.006" classname="com.his.TestAnnotation"/>
  <system-out/>
</testsuite> <!-- com.his.TestAnnotation -->
