<?xml version="1.0" encoding="UTF-8"?>
<!-- Generated by org.testng.reporters.JUnitReportReporter -->
<testsuite hostname="Rudransh" failures="0" tests="1" name="com.his.TC_Login" time="23.672" errors="0" timestamp="2022-03-15T23:26:49 IST" skipped="0">
  <testcase classname="com.his.TC_Login" name="loginPage" time="23.672"/>
  <system-out/>
</testsuite> <!-- com.his.TC_Login -->
